#
# There is insufficient memory for the Java Runtime Environment to continue.
# Native memory allocation (malloc) failed to allocate 391824 bytes for Chunk::new
# Possible reasons:
#   The system is out of physical RAM or swap space
#   The process is running with CompressedOops enabled, and the Java Heap may be blocking the growth of the native heap
# Possible solutions:
#   Reduce memory load on the system
#   Increase physical memory or swap space
#   Check if swap backing store is full
#   Decrease Java heap size (-Xmx/-Xms)
#   Decrease number of Java threads
#   Decrease Java thread stack sizes (-Xss)
#   Set larger code cache with -XX:ReservedCodeCacheSize=
#   JVM is running with Unscaled Compressed Oops mode in which the Java heap is
#     placed in the first 4GB address space. The Java Heap base address is the
#     maximum limit for the native heap growth. Please use -XX:HeapBaseMinAddress
#     to set the Java Heap base and to place the Java Heap above 4GB virtual address.
# This output file may be truncated or incomplete.
#
#  Out of Memory Error (allocation.cpp:389), pid=14364, tid=0x000000000000240c
#
# JRE version: OpenJDK Runtime Environment (8.0_212-b04) (build 1.8.0_212-release-1586-b04)
# Java VM: OpenJDK 64-Bit Server VM (25.212-b04 mixed mode windows-amd64 compressed oops)
# Failed to write core dump. Minidumps are not enabled by default on client versions of Windows
#

---------------  T H R E A D  ---------------

Current thread (0x00000000145a9800):  JavaThread "C2 CompilerThread0" daemon [_thread_in_native, id=9228, stack(0x0000000015fd0000,0x00000000160d0000)]

Stack: [0x0000000015fd0000,0x00000000160d0000]
[error occurred during error reporting (printing stack bounds), id 0xc0000005]

Native frames: (J=compiled Java code, j=interpreted, Vv=VM code, C=native code)


Current CompileTask:
C2:   9893 1537       4       java.net.URLClassLoader$1::run (5 bytes)


---------------  P R O C E S S  ---------------

Java Threads: ( => current thread )
  0x0000000017fd5000 JavaThread "Cache worker for journal cache (C:\Users\Matt\.gradle\caches\journal-1)" [_thread_blocked, id=4228, stack(0x0000000019fb0000,0x000000001a0b0000)]
  0x0000000017fd4800 JavaThread "File lock request listener" [_thread_in_native, id=2076, stack(0x0000000019eb0000,0x0000000019fb0000)]
  0x0000000017fd3800 JavaThread "Cache worker for file hash cache (C:\Users\Matt\.gradle\caches\5.6.4\fileHashes)" [_thread_blocked, id=3216, stack(0x0000000019db0000,0x0000000019eb0000)]
  0x0000000016a89000 JavaThread "Thread-9" [_thread_blocked, id=13120, stack(0x0000000019ab0000,0x0000000019bb0000)]
  0x0000000016a86800 JavaThread "Stdin handler" [_thread_blocked, id=15148, stack(0x00000000199b0000,0x0000000019ab0000)]
  0x0000000016a27800 JavaThread "Asynchronous log dispatcher for DefaultDaemonConnection: socket connection from /127.0.0.1:7716 to /127.0.0.1:7717" [_thread_blocked, id=4364, stack(0x00000000198b0000,0x00000000199b0000)]
  0x0000000016a2a000 JavaThread "Daemon worker" [_thread_in_vm, id=936, stack(0x00000000197b0000,0x00000000198b0000)]
  0x0000000016a29000 JavaThread "Cancel handler" [_thread_blocked, id=10988, stack(0x00000000196b0000,0x00000000197b0000)]
  0x0000000015bd5000 JavaThread "Daemon periodic checks" [_thread_blocked, id=4488, stack(0x00000000193b0000,0x00000000194b0000)]
  0x0000000015c1c800 JavaThread "Handler for socket connection from /127.0.0.1:7716 to /127.0.0.1:7717" [_thread_in_native, id=8924, stack(0x00000000192b0000,0x00000000193b0000)]
  0x0000000015c1b800 JavaThread "Daemon" [_thread_blocked, id=16152, stack(0x0000000019070000,0x0000000019170000)]
  0x0000000015bf2000 JavaThread "Incoming local TCP Connector on port 7716" [_thread_in_native, id=10544, stack(0x0000000018f70000,0x0000000019070000)]
  0x0000000017ea6800 JavaThread "Daemon health stats" [_thread_blocked, id=15104, stack(0x0000000018c70000,0x0000000018d70000)]
  0x0000000015a33000 JavaThread "Service Thread" daemon [_thread_blocked, id=8200, stack(0x00000000162d0000,0x00000000163d0000)]
  0x0000000015a29000 JavaThread "C1 CompilerThread2" daemon [_thread_blocked, id=15544, stack(0x00000000161d0000,0x00000000162d0000)]
  0x00000000145ad800 JavaThread "C2 CompilerThread1" daemon [_thread_in_native, id=8672, stack(0x00000000160d0000,0x00000000161d0000)]
=>0x00000000145a9800 JavaThread "C2 CompilerThread0" daemon [_thread_in_native, id=9228, stack(0x0000000015fd0000,0x00000000160d0000)]
  0x000000001455d800 JavaThread "Attach Listener" daemon [_thread_blocked, id=16224, stack(0x0000000015ed0000,0x0000000015fd0000)]
  0x00000000159d8800 JavaThread "Signal Dispatcher" daemon [_thread_blocked, id=12768, stack(0x0000000015dd0000,0x0000000015ed0000)]
  0x00000000031d5800 JavaThread "Finalizer" daemon [_thread_blocked, id=2512, stack(0x00000000157b0000,0x00000000158b0000)]
  0x0000000014539000 JavaThread "Reference Handler" daemon [_thread_blocked, id=5672, stack(0x00000000156b0000,0x00000000157b0000)]
  0x0000000002fde000 JavaThread "main" [_thread_blocked, id=2308, stack(0x0000000002df0000,0x0000000002ef0000)]

Other Threads:
  0x0000000014516800 VMThread [stack: 0x00000000155b0000,0x00000000156b0000] [id=16216]
  0x0000000015a34000 WatcherThread [stack: 0x00000000163d0000,0x00000000164d0000] [id=860]

VM state:not at safepoint (normal execution)

VM Mutex/Monitor currently owned by a thread: None

heap address: 0x00000000e0000000, size: 512 MB, Compressed Oops mode: 32-bit
Narrow klass base: 0x0000000000000000, Narrow klass shift: 3
Compressed class space size: 1073741824 Address: 0x0000000100000000

Heap:
 PSYoungGen      total 76288K, used 28756K [0x00000000f5580000, 0x00000000faa80000, 0x0000000100000000)
  eden space 65536K, 29% used [0x00000000f5580000,0x00000000f681bb70,0x00000000f9580000)
  from space 10752K, 90% used [0x00000000fa000000,0x00000000fa9796b8,0x00000000faa80000)
  to   space 10752K, 0% used [0x00000000f9580000,0x00000000f9580000,0x00000000fa000000)
 ParOldGen       total 175104K, used 16K [0x00000000e0000000, 0x00000000eab00000, 0x00000000f5580000)
  object space 175104K, 0% used [0x00000000e0000000,0x00000000e0004000,0x00000000eab00000)
 Metaspace       used 15944K, capacity 16450K, committed 16768K, reserved 1062912K
  class space    used 2244K, capacity 2403K, committed 2432K, reserved 1048576K

Card table byte_map: [0x00000000125a0000,0x00000000126b0000] byte_map_base: 0x0000000011ea0000

Marking Bits: (ParMarkBitMap*) 0x0000000063cb9f30
 Begin Bits: [0x0000000012ab0000, 0x00000000132b0000)
 End Bits:   [0x00000000132b0000, 0x0000000013ab0000)

Polling page: 0x00000000012d0000

CodeCache: size=245760Kb used=5588Kb max_used=5588Kb free=240171Kb
 bounds [0x00000000031e0000, 0x0000000003760000, 0x00000000121e0000]
 total_blobs=2012 nmethods=1618 adapters=307
 compilation: enabled

Compilation events (10 events):
Event: 9.887 Thread 0x0000000015a29000 1620       3       com.google.common.base.Splitter::splitToList (49 bytes)
Event: 9.888 Thread 0x0000000015a29000 nmethod 1620 0x0000000003752010 code [0x00000000037522c0, 0x0000000003753598]
Event: 9.888 Thread 0x0000000015a29000 1621       1       java.nio.Buffer::capacity (5 bytes)
Event: 9.888 Thread 0x0000000015a29000 nmethod 1621 0x0000000003754110 code [0x0000000003754260, 0x0000000003754370]
Event: 9.888 Thread 0x0000000015a29000 1622 %     3       com.google.common.io.LineBuffer::add @ 47 (204 bytes)
Event: 9.889 Thread 0x0000000015a29000 nmethod 1622% 0x00000000037543d0 code [0x00000000037545e0, 0x00000000037550b8]
Event: 9.889 Thread 0x0000000015a29000 1624       3       com.google.common.io.LineBuffer::add (204 bytes)
Event: 9.889 Thread 0x0000000015a29000 nmethod 1624 0x00000000037555d0 code [0x00000000037557c0, 0x0000000003756118]
Event: 9.889 Thread 0x0000000015a29000 1625       3       sun.nio.cs.UTF_8$Decoder::decodeLoop (28 bytes)
Event: 9.890 Thread 0x0000000015a29000 nmethod 1625 0x00000000037565d0 code [0x0000000003756760, 0x0000000003756c98]

GC Heap History (4 events):
Event: 3.052 GC heap before
{Heap before GC invocations=1 (full 0):
 PSYoungGen      total 76288K, used 65536K [0x00000000f5580000, 0x00000000faa80000, 0x0000000100000000)
  eden space 65536K, 100% used [0x00000000f5580000,0x00000000f9580000,0x00000000f9580000)
  from space 10752K, 0% used [0x00000000fa000000,0x00000000fa000000,0x00000000faa80000)
  to   space 10752K, 0% used [0x00000000f9580000,0x00000000f9580000,0x00000000fa000000)
 ParOldGen       total 175104K, used 0K [0x00000000e0000000, 0x00000000eab00000, 0x00000000f5580000)
  object space 175104K, 0% used [0x00000000e0000000,0x00000000e0000000,0x00000000eab00000)
 Metaspace       used 7021K, capacity 7260K, committed 7424K, reserved 1056768K
  class space    used 855K, capacity 916K, committed 1024K, reserved 1048576K
Event: 3.069 GC heap after
Heap after GC invocations=1 (full 0):
 PSYoungGen      total 76288K, used 5761K [0x00000000f5580000, 0x00000000faa80000, 0x0000000100000000)
  eden space 65536K, 0% used [0x00000000f5580000,0x00000000f5580000,0x00000000f9580000)
  from space 10752K, 53% used [0x00000000f9580000,0x00000000f9b206f0,0x00000000fa000000)
  to   space 10752K, 0% used [0x00000000fa000000,0x00000000fa000000,0x00000000faa80000)
 ParOldGen       total 175104K, used 0K [0x00000000e0000000, 0x00000000eab00000, 0x00000000f5580000)
  object space 175104K, 0% used [0x00000000e0000000,0x00000000e0000000,0x00000000eab00000)
 Metaspace       used 7021K, capacity 7260K, committed 7424K, reserved 1056768K
  class space    used 855K, capacity 916K, committed 1024K, reserved 1048576K
}
Event: 9.634 GC heap before
{Heap before GC invocations=2 (full 0):
 PSYoungGen      total 76288K, used 71297K [0x00000000f5580000, 0x00000000faa80000, 0x0000000100000000)
  eden space 65536K, 100% used [0x00000000f5580000,0x00000000f9580000,0x00000000f9580000)
  from space 10752K, 53% used [0x00000000f9580000,0x00000000f9b206f0,0x00000000fa000000)
  to   space 10752K, 0% used [0x00000000fa000000,0x00000000fa000000,0x00000000faa80000)
 ParOldGen       total 175104K, used 0K [0x00000000e0000000, 0x00000000eab00000, 0x00000000f5580000)
  object space 175104K, 0% used [0x00000000e0000000,0x00000000e0000000,0x00000000eab00000)
 Metaspace       used 14579K, capacity 14934K, committed 15232K, reserved 1062912K
  class space    used 2017K, capacity 2127K, committed 2176K, reserved 1048576K
Event: 9.646 GC heap after
Heap after GC invocations=2 (full 0):
 PSYoungGen      total 76288K, used 9701K [0x00000000f5580000, 0x00000000faa80000, 0x0000000100000000)
  eden space 65536K, 0% used [0x00000000f5580000,0x00000000f5580000,0x00000000f9580000)
  from space 10752K, 90% used [0x00000000fa000000,0x00000000fa9796b8,0x00000000faa80000)
  to   space 10752K, 0% used [0x00000000f9580000,0x00000000f9580000,0x00000000fa000000)
 ParOldGen       total 175104K, used 16K [0x00000000e0000000, 0x00000000eab00000, 0x00000000f5580000)
  object space 175104K, 0% used [0x00000000e0000000,0x00000000e0004000,0x00000000eab00000)
 Metaspace       used 14579K, capacity 14934K, committed 15232K, reserved 1062912K
  class space    used 2017K, capacity 2127K, committed 2176K, reserved 1048576K
}

Deoptimization events (10 events):
Event: 5.625 Thread 0x0000000002fde000 Uncommon trap: reason=unstable_if action=reinterpret pc=0x0000000003484794 method=java.io.WinNTFileSystem.normalize(Ljava/lang/String;)Ljava/lang/String; @ 128
Event: 9.075 Thread 0x0000000015c1c800 Uncommon trap: reason=unstable_if action=reinterpret pc=0x00000000035d82b0 method=java.util.concurrent.ConcurrentHashMap.putVal(Ljava/lang/Object;Ljava/lang/Object;Z)Ljava/lang/Object; @ 206
Event: 9.175 Thread 0x0000000016a2a000 Uncommon trap: reason=bimorphic action=maybe_recompile pc=0x0000000003452684 method=java.util.HashMap.putVal(ILjava/lang/Object;Ljava/lang/Object;ZZ)Ljava/lang/Object; @ 253
Event: 9.176 Thread 0x0000000016a2a000 Uncommon trap: reason=bimorphic action=maybe_recompile pc=0x0000000003452684 method=java.util.HashMap.putVal(ILjava/lang/Object;Ljava/lang/Object;ZZ)Ljava/lang/Object; @ 253
Event: 9.176 Thread 0x0000000016a2a000 Uncommon trap: reason=bimorphic action=maybe_recompile pc=0x0000000003452684 method=java.util.HashMap.putVal(ILjava/lang/Object;Ljava/lang/Object;ZZ)Ljava/lang/Object; @ 253
Event: 9.450 Thread 0x0000000016a2a000 Uncommon trap: reason=class_check action=maybe_recompile pc=0x00000000034c8fc4 method=java.util.regex.Matcher.match(II)Z @ 86
Event: 9.462 Thread 0x0000000016a2a000 Uncommon trap: reason=class_check action=maybe_recompile pc=0x00000000034c8fc4 method=java.util.regex.Matcher.match(II)Z @ 86
Event: 9.463 Thread 0x0000000016a2a000 Uncommon trap: reason=class_check action=maybe_recompile pc=0x00000000034c8fc4 method=java.util.regex.Matcher.match(II)Z @ 86
Event: 9.463 Thread 0x0000000016a2a000 Uncommon trap: reason=class_check action=maybe_recompile pc=0x000000000334a41c method=java.util.regex.Matcher.match(II)Z @ 86
Event: 9.846 Thread 0x0000000016a2a000 Uncommon trap: reason=unstable_if action=reinterpret pc=0x000000000369fb34 method=java.lang.String.lastIndexOf([CII[CIII)I @ 66

Classes redefined (0 events):
No events

Internal exceptions (10 events):
Event: 9.088 Thread 0x0000000015c1c800 Exception <a 'java/lang/NoSuchMethodError': <clinit>> (0x00000000f7144da8) thrown at [D:\src\AOSP-openjdk-cygwin\jdk8u\hotspot\src\share\vm\prims\jni.cpp, line 1614]
Event: 9.092 Thread 0x0000000015c1c800 Exception <a 'java/lang/NoSuchMethodError': <clinit>> (0x00000000f715cd60) thrown at [D:\src\AOSP-openjdk-cygwin\jdk8u\hotspot\src\share\vm\prims\jni.cpp, line 1614]
Event: 9.092 Thread 0x0000000015c1c800 Exception <a 'java/lang/NoSuchMethodError': <clinit>> (0x00000000f71659f0) thrown at [D:\src\AOSP-openjdk-cygwin\jdk8u\hotspot\src\share\vm\prims\jni.cpp, line 1614]
Event: 9.094 Thread 0x0000000015c1c800 Exception <a 'java/lang/NoSuchMethodError': <clinit>> (0x00000000f721fe50) thrown at [D:\src\AOSP-openjdk-cygwin\jdk8u\hotspot\src\share\vm\prims\jni.cpp, line 1614]
Event: 9.116 Thread 0x0000000015c1c800 Exception <a 'java/lang/NoSuchMethodError': <clinit>> (0x00000000f7289358) thrown at [D:\src\AOSP-openjdk-cygwin\jdk8u\hotspot\src\share\vm\prims\jni.cpp, line 1614]
Event: 9.124 Thread 0x0000000015c1c800 Exception <a 'java/lang/NoSuchMethodError': <clinit>> (0x00000000f72b5e38) thrown at [D:\src\AOSP-openjdk-cygwin\jdk8u\hotspot\src\share\vm\prims\jni.cpp, line 1614]
Event: 9.126 Thread 0x0000000015c1c800 Exception <a 'java/lang/NoSuchMethodError': <clinit>> (0x00000000f72d3958) thrown at [D:\src\AOSP-openjdk-cygwin\jdk8u\hotspot\src\share\vm\prims\jni.cpp, line 1614]
Event: 9.809 Thread 0x0000000016a2a000 Exception <a 'java/lang/NoSuchMethodError': java.lang.Object.lambda$and$0(Ljava/util/function/Predicate;Ljava/lang/Object;)Z> (0x00000000f6333410) thrown at [D:\src\AOSP-openjdk-cygwin\jdk8u\hotspot\src\share\vm\interpreter\linkResolver.cpp, line 620]
Event: 9.819 Thread 0x0000000016a2a000 Exception <a 'java/lang/IncompatibleClassChangeError': Found class java.lang.Object, but interface was expected> (0x00000000f6349700) thrown at [D:\src\AOSP-openjdk-cygwin\jdk8u\hotspot\src\share\vm\interpreter\linkResolver.cpp, line 653]
Event: 9.822 Thread 0x0000000016a2a000 Exception <a 'java/lang/NoSuchMethodError': java.lang.Object.lambda$or$2(Ljava/util/function/Predicate;Ljava/lang/Object;)Z> (0x00000000f634e610) thrown at [D:\src\AOSP-openjdk-cygwin\jdk8u\hotspot\src\share\vm\interpreter\linkResolver.cpp, line 620]

Events (10 events):
Event: 9.890 loading class org/gradle/groovy/scripts/internal/RegistryAwareClassLoaderHierarchyHasher
Event: 9.890 loading class org/gradle/groovy/scripts/internal/RegistryAwareClassLoaderHierarchyHasher done
Event: 9.890 loading class org/gradle/internal/classloader/ConfigurableClassLoaderHierarchyHasher
Event: 9.890 loading class org/gradle/internal/classloader/ConfigurableClassLoaderHierarchyHasher done
Event: 9.891 loading class org/gradle/groovy/scripts/internal/CompiledScript
Event: 9.891 loading class org/gradle/groovy/scripts/internal/CompiledScript done
Event: 9.891 loading class org/gradle/groovy/scripts/internal/BuildOperationBackedScriptCompilationHandler
Event: 9.891 loading class org/gradle/groovy/scripts/internal/BuildOperationBackedScriptCompilationHandler done
Event: 9.892 loading class org/gradle/internal/scripts/CompileScriptBuildOperationType$Result
Event: 9.892 loading class org/gradle/internal/scripts/CompileScriptBuildOperationType$Result done


Dynamic libraries:
0x00007ff6ee440000 - 0x00007ff6ee471000 	C:\Program Files\Android\Android Studio\jre\bin\java.exe
0x00007ffc5c660000 - 0x00007ffc5c850000 	C:\WINDOWS\SYSTEM32\ntdll.dll
0x00007ffc5b980000 - 0x00007ffc5ba32000 	C:\WINDOWS\System32\KERNEL32.DLL
0x00007ffc59790000 - 0x00007ffc59a34000 	C:\WINDOWS\System32\KERNELBASE.dll
0x00007ffc5b1a0000 - 0x00007ffc5b243000 	C:\WINDOWS\System32\ADVAPI32.dll
0x00007ffc5ba40000 - 0x00007ffc5bade000 	C:\WINDOWS\System32\msvcrt.dll
0x00007ffc5b810000 - 0x00007ffc5b8a7000 	C:\WINDOWS\System32\sechost.dll
0x00007ffc5b060000 - 0x00007ffc5b180000 	C:\WINDOWS\System32\RPCRT4.dll
0x00007ffc5a8e0000 - 0x00007ffc5aa74000 	C:\WINDOWS\System32\USER32.dll
0x00007ffc59a60000 - 0x00007ffc59a81000 	C:\WINDOWS\System32\win32u.dll
0x00007ffc5a830000 - 0x00007ffc5a856000 	C:\WINDOWS\System32\GDI32.dll
0x00007ffc5a390000 - 0x00007ffc5a524000 	C:\WINDOWS\System32\gdi32full.dll
0x00007ffc5a670000 - 0x00007ffc5a70e000 	C:\WINDOWS\System32\msvcp_win.dll
0x00007ffc59b10000 - 0x00007ffc59c0a000 	C:\WINDOWS\System32\ucrtbase.dll
0x00007ffc47fa0000 - 0x00007ffc48224000 	C:\WINDOWS\WinSxS\amd64_microsoft.windows.common-controls_6595b64144ccf1df_6.0.18362.836_none_e6c4b943130f18ed\COMCTL32.dll
0x00007ffc5aa80000 - 0x00007ffc5adb6000 	C:\WINDOWS\System32\combase.dll
0x00007ffc59a90000 - 0x00007ffc59b10000 	C:\WINDOWS\System32\bcryptPrimitives.dll
0x00007ffc5c370000 - 0x00007ffc5c39e000 	C:\WINDOWS\System32\IMM32.DLL
0x0000000063410000 - 0x00000000634e2000 	C:\Program Files\Android\Android Studio\jre\jre\bin\msvcr100.dll
0x00000000634f0000 - 0x0000000063d36000 	C:\Program Files\Android\Android Studio\jre\jre\bin\server\jvm.dll
0x00007ffc5b390000 - 0x00007ffc5b398000 	C:\WINDOWS\System32\PSAPI.DLL
0x00007ffc55eb0000 - 0x00007ffc55eb9000 	C:\WINDOWS\SYSTEM32\WSOCK32.dll
0x00007ffc5b910000 - 0x00007ffc5b97f000 	C:\WINDOWS\System32\WS2_32.dll
0x00007ffc561d0000 - 0x00007ffc561f4000 	C:\WINDOWS\SYSTEM32\WINMM.dll
0x00007ffc514c0000 - 0x00007ffc514ca000 	C:\WINDOWS\SYSTEM32\VERSION.dll
0x00007ffc561a0000 - 0x00007ffc561cd000 	C:\WINDOWS\SYSTEM32\WINMMBASE.dll
0x00007ffc59740000 - 0x00007ffc5978a000 	C:\WINDOWS\System32\cfgmgr32.dll
0x00007ffc575a0000 - 0x00007ffc575af000 	C:\Program Files\Android\Android Studio\jre\jre\bin\verify.dll
0x00007ffc47880000 - 0x00007ffc478a9000 	C:\Program Files\Android\Android Studio\jre\jre\bin\java.dll
0x00007ffc54a70000 - 0x00007ffc54a86000 	C:\Program Files\Android\Android Studio\jre\jre\bin\zip.dll
0x00007ffc5bb40000 - 0x00007ffc5c224000 	C:\WINDOWS\System32\SHELL32.dll
0x00007ffc5a710000 - 0x00007ffc5a7b9000 	C:\WINDOWS\System32\shcore.dll
0x00007ffc59c10000 - 0x00007ffc5a38e000 	C:\WINDOWS\System32\windows.storage.dll
0x00007ffc595c0000 - 0x00007ffc595e3000 	C:\WINDOWS\System32\profapi.dll
0x00007ffc59570000 - 0x00007ffc595ba000 	C:\WINDOWS\System32\powrprof.dll
0x00007ffc59520000 - 0x00007ffc59530000 	C:\WINDOWS\System32\UMPDC.dll
0x00007ffc5b8b0000 - 0x00007ffc5b902000 	C:\WINDOWS\System32\shlwapi.dll
0x00007ffc59530000 - 0x00007ffc59541000 	C:\WINDOWS\System32\kernel.appcore.dll
0x00007ffc59a40000 - 0x00007ffc59a57000 	C:\WINDOWS\System32\cryptsp.dll
0x00007ffc46910000 - 0x00007ffc4692a000 	C:\Program Files\Android\Android Studio\jre\jre\bin\net.dll
0x00007ffc4a380000 - 0x00007ffc4a556000 	C:\WINDOWS\SYSTEM32\urlmon.dll
0x00007ffc4b0f0000 - 0x00007ffc4b396000 	C:\WINDOWS\SYSTEM32\iertutil.dll
0x00007ffc58f60000 - 0x00007ffc58f6c000 	C:\WINDOWS\SYSTEM32\CRYPTBASE.DLL
0x00007ffc58d90000 - 0x00007ffc58df7000 	C:\WINDOWS\system32\mswsock.dll
0x00007ffc464c0000 - 0x00007ffc464d3000 	C:\Program Files\Android\Android Studio\jre\jre\bin\nio.dll
0x00007ffc47be0000 - 0x00007ffc47c06000 	C:\Users\Matt\.gradle\native\30\windows-amd64\native-platform.dll
0x00007ffc56150000 - 0x00007ffc5615d000 	C:\Program Files\Android\Android Studio\jre\jre\bin\management.dll
0x00007ffc58900000 - 0x00007ffc58933000 	C:\WINDOWS\system32\rsaenh.dll
0x00007ffc5a530000 - 0x00007ffc5a556000 	C:\WINDOWS\System32\bcrypt.dll
0x00007ffc59440000 - 0x00007ffc59465000 	C:\WINDOWS\SYSTEM32\USERENV.dll
0x00007ffc58aa0000 - 0x00007ffc58ada000 	C:\WINDOWS\SYSTEM32\IPHLPAPI.DLL
0x00007ffc5c230000 - 0x00007ffc5c238000 	C:\WINDOWS\System32\NSI.dll
0x00007ffc51470000 - 0x00007ffc51486000 	C:\WINDOWS\SYSTEM32\dhcpcsvc6.DLL
0x00007ffc51450000 - 0x00007ffc5146c000 	C:\WINDOWS\SYSTEM32\dhcpcsvc.DLL
0x00007ffc58ae0000 - 0x00007ffc58bab000 	C:\WINDOWS\SYSTEM32\DNSAPI.dll

VM Arguments:
jvm_args: -XX:MaxMetaspaceSize=256m -XX:+HeapDumpOnOutOfMemoryError -Xms256m -Xmx512m -Dfile.encoding=GBK -Duser.country=US -Duser.language=en -Duser.variant 
java_command: org.gradle.launcher.daemon.bootstrap.GradleDaemon 5.6.4
java_class_path (initial): C:\Users\Matt\.gradle\wrapper\dists\gradle-5.6.4-all\ankdp27end7byghfw1q2sw75f\gradle-5.6.4\lib\gradle-launcher-5.6.4.jar
Launcher Type: SUN_STANDARD

Environment Variables:
PATH=C:\Program Files (x86)\Common Files\Oracle\Java\javapath;C:\ProgramData\Oracle\Java\javapath;C:\WINDOWS\system32;C:\WINDOWS;C:\WINDOWS\System32\Wbem;C:\WINDOWS\System32\WindowsPowerShell\v1.0\;C:\WINDOWS\System32\OpenSSH\;C:\Program Files\NVIDIA Corporation\NVIDIA NvDLISR;C:\HashiCorp\Vagrant\bin;C:\Users\Matt\AppData\Local\Programs\Python\Python36-32;C:\Users\Matt\AppData\Local\Programs\Python\Python36-32\Scripts;C:\WINDOWS\system32;C:\WINDOWS;C:\WINDOWS\System32\Wbem;C:\WINDOWS\System32\WindowsPowerShell\v1.0\;C:\WINDOWS\System32\OpenSSH\;C:\Program Files (x86)\NVIDIA Corporation\PhysX\Common;C:\Program Files\Git\cmd;C:\Users\Matt\AppData\Local\Microsoft\WindowsApps;E:\Android\Sdk\platform-tools;
USERNAME=Matt
OS=Windows_NT
PROCESSOR_IDENTIFIER=Intel64 Family 6 Model 158 Stepping 9, GenuineIntel



---------------  S Y S T E M  ---------------

OS: Windows 10.0 , 64 bit Build 18362 (10.0.18362.778)

CPU:total 4 (initial active 4) (4 cores per cpu, 1 threads per core) family 6 model 158 stepping 9, cmov, cx8, fxsr, mmx, sse, sse2, sse3, ssse3, sse4.1, sse4.2, popcnt, avx, avx2, aes, clmul, erms, 3dnowpref, lzcnt, tsc, tscinvbit, bmi1, bmi2, adx

Memory: 4k page, physical 8269416k(334180k free), swap 22537680k(5436k free)

vm_info: OpenJDK 64-Bit Server VM (25.212-b04) for windows-amd64 JRE (1.8.0_212-release-1586-b04), built by "builder" with MS VC++ 10.0 (VS2010)

time: Thu May 21 09:52:26 2020
timezone: China Standard Time
elapsed time: 9 seconds (0d 0h 0m 9s)

